mode: set
github.com/BertoldVdb/go-misc/slotset/slot.go:26.45,28.2 1 0
github.com/BertoldVdb/go-misc/slotset/slot.go:30.59,31.9 1 1
github.com/BertoldVdb/go-misc/slotset/slot.go:32.30,33.10 1 1
github.com/BertoldVdb/go-misc/slotset/slot.go:36.3,36.17 1 1
github.com/BertoldVdb/go-misc/slotset/slot.go:38.20,39.26 1 1
github.com/BertoldVdb/go-misc/slotset/slot.go:33.10,35.4 1 1
github.com/BertoldVdb/go-misc/slotset/slot.go:43.43,44.32 1 1
github.com/BertoldVdb/go-misc/slotset/slot.go:48.2,51.9 3 1
github.com/BertoldVdb/go-misc/slotset/slot.go:44.32,46.3 1 0
github.com/BertoldVdb/go-misc/slotset/slot.go:52.24,52.24 0 1
github.com/BertoldVdb/go-misc/slotset/slot.go:53.10,53.10 0 0
github.com/BertoldVdb/go-misc/slotset/slot.go:57.32,62.2 3 1
github.com/BertoldVdb/go-misc/slotset/slot.go:64.28,66.2 1 1
github.com/BertoldVdb/go-misc/slotset/slot.go:68.27,74.2 4 1
github.com/BertoldVdb/go-misc/slotset/slot.go:76.29,82.2 4 1
github.com/BertoldVdb/go-misc/slotset/slot.go:84.26,90.2 4 1
github.com/BertoldVdb/go-misc/slotset/slot.go:92.26,99.6 5 1
github.com/BertoldVdb/go-misc/slotset/slot.go:99.6,100.10 1 1
github.com/BertoldVdb/go-misc/slotset/slot.go:101.29,102.11 1 1
github.com/BertoldVdb/go-misc/slotset/slot.go:105.11,106.10 1 1
github.com/BertoldVdb/go-misc/slotset/slot.go:102.11,104.5 1 1
github.com/BertoldVdb/go-misc/slotset/slot.go:111.42,118.2 1 1
github.com/BertoldVdb/go-misc/slotset/slotset.go:23.33,29.29 2 1
github.com/BertoldVdb/go-misc/slotset/slotset.go:34.2,34.10 1 1
github.com/BertoldVdb/go-misc/slotset/slotset.go:29.29,32.3 2 1
github.com/BertoldVdb/go-misc/slotset/slotset.go:37.59,38.9 1 1
github.com/BertoldVdb/go-misc/slotset/slotset.go:39.29,41.19 2 1
github.com/BertoldVdb/go-misc/slotset/slotset.go:43.25,44.26 1 1
github.com/BertoldVdb/go-misc/slotset/slotset.go:46.20,47.24 1 1
github.com/BertoldVdb/go-misc/slotset/slotset.go:51.35,54.26 2 1
github.com/BertoldVdb/go-misc/slotset/slotset.go:54.26,55.10 1 1
github.com/BertoldVdb/go-misc/slotset/slotset.go:56.28,56.28 0 1
github.com/BertoldVdb/go-misc/slotset/slotset.go:57.11,58.41 1 1
github.com/BertoldVdb/go-misc/slotset/slotset.go:65.59,66.25 1 1
github.com/BertoldVdb/go-misc/slotset/slotset.go:70.2,73.32 3 1
github.com/BertoldVdb/go-misc/slotset/slotset.go:82.2,82.12 1 1
github.com/BertoldVdb/go-misc/slotset/slotset.go:66.25,68.3 1 1
github.com/BertoldVdb/go-misc/slotset/slotset.go:73.32,74.19 1 1
github.com/BertoldVdb/go-misc/slotset/slotset.go:74.19,76.27 2 1
github.com/BertoldVdb/go-misc/slotset/slotset.go:76.27,78.5 1 1
github.com/BertoldVdb/go-misc/slotset/slotset.go:85.33,87.16 2 1
github.com/BertoldVdb/go-misc/slotset/slotset.go:91.2,94.32 3 1
github.com/BertoldVdb/go-misc/slotset/slotset.go:99.2,99.9 1 1
github.com/BertoldVdb/go-misc/slotset/slotset.go:104.2,104.12 1 1
github.com/BertoldVdb/go-misc/slotset/slotset.go:87.16,89.3 1 1
github.com/BertoldVdb/go-misc/slotset/slotset.go:94.32,96.3 1 1
github.com/BertoldVdb/go-misc/slotset/slotset.go:100.21,100.21 0 1
github.com/BertoldVdb/go-misc/slotset/slotset.go:101.10,101.10 0 1
github.com/BertoldVdb/go-misc/slotset/slotset.go:107.44,108.16 1 1
github.com/BertoldVdb/go-misc/slotset/slotset.go:108.16,109.16 1 1
